<?xml version="1.0" encoding="UTF-8"?>
<testng-results ignored="0" total="1" passed="1" failed="0" skipped="0">
  <reporter-output>
  </reporter-output>
  <suite started-at="2023-04-09T15:22:56 IST" name="Suite" finished-at="2023-04-09T15:22:56 IST" duration-ms="46">
    <groups>
    </groups>
    <test started-at="2023-04-09T15:22:56 IST" name="Test" finished-at="2023-04-09T15:22:56 IST" duration-ms="46">
      <class name="Practice.Groom">
        <test-method signature="m1(java.lang.String)[pri:0, instance:Practice.Groom@353d0772]" started-at="2023-04-09T15:22:56 IST" name="m1" finished-at="2023-04-09T15:22:56 IST" duration-ms="8" status="PASS">
          <params>
            <param index="0">
              <value>
                <![CDATA[chrome]]>
              </value>
            </param>
          </params>
          <reporter-output>
          </reporter-output>
        </test-method> <!-- m1 -->
      </class> <!-- Practice.Groom -->
    </test> <!-- Test -->
  </suite> <!-- Suite -->
</testng-results>
